<?xml version="1.0" encoding="UTF-8"?>
<!-- Generated by org.testng.reporters.JUnitReportReporter -->
<testsuite hostname="SSSLT022" failures="0" tests="19" name="org.test.Investor" time="642.029" errors="0" timestamp="2023-03-23T12:37:03 IST" skipped="0">
  <testcase classname="org.test.Investor" name="TC17" time="32.220"/>
  <system-out/>
  <testcase classname="org.test.Investor" name="TC03" time="39.007"/>
  <system-out/>
  <testcase classname="org.test.Investor" name="TC14" time="32.278"/>
  <system-out/>
  <testcase classname="org.test.Investor" name="TC10" time="43.702"/>
  <system-out/>
  <testcase classname="org.test.Investor" name="TC07" time="34.443"/>
  <system-out/>
  <testcase classname="org.test.Investor" name="TC13" time="31.786"/>
  <system-out/>
  <testcase classname="org.test.Investor" name="TC18" time="31.930"/>
  <system-out/>
  <testcase classname="org.test.Investor" name="TC01" time="30.894"/>
  <system-out/>
  <testcase classname="org.test.Investor" name="TC16" time="33.820"/>
  <system-out/>
  <testcase classname="org.test.Investor" name="TC19" time="6.349"/>
  <system-out/>
  <testcase classname="org.test.Investor" name="TC05" time="30.403"/>
  <system-out/>
  <testcase classname="org.test.Investor" name="TC04" time="33.841"/>
  <system-out/>
  <testcase classname="org.test.Investor" name="TC15" time="39.868"/>
  <system-out/>
  <testcase classname="org.test.Investor" name="TC11" time="34.412"/>
  <system-out/>
  <testcase classname="org.test.Investor" name="TC12" time="32.124"/>
  <system-out/>
  <testcase classname="org.test.Investor" name="TC06" time="37.776"/>
  <system-out/>
  <testcase classname="org.test.Investor" name="TC08" time="41.053"/>
  <system-out/>
  <testcase classname="org.test.Investor" name="TC09" time="43.611"/>
  <system-out/>
  <testcase classname="org.test.Investor" name="TC02" time="32.512"/>
  <system-out/>
</testsuite> <!-- org.test.Investor -->
