<?xml version="1.0" encoding="UTF-8"?>
<!-- Generated by org.testng.reporters.JUnitReportReporter -->
<testsuite hostname="SSSLT022" failures="0" tests="22" name="org.utility.CGI_testcase" time="0.050" errors="0" timestamp="2023-04-03T13:30:20 IST" skipped="0">
  <testcase classname="org.utility.CGI_testcase" name="TC_01" time="0.013"/>
  <system-out/>
  <testcase classname="org.utility.CGI_testcase" name="TC_02" time="0.002"/>
  <system-out/>
  <testcase classname="org.utility.CGI_testcase" name="TC_03" time="0.002"/>
  <system-out/>
  <testcase classname="org.utility.CGI_testcase" name="TC_04" time="0.002"/>
  <system-out/>
  <testcase classname="org.utility.CGI_testcase" name="TC_05" time="0.001"/>
  <system-out/>
  <testcase classname="org.utility.CGI_testcase" name="TC_06" time="0.002"/>
  <system-out/>
  <testcase classname="org.utility.CGI_testcase" name="TC_07" time="0.001"/>
  <system-out/>
  <testcase classname="org.utility.CGI_testcase" name="TC_08" time="0.002"/>
  <system-out/>
  <testcase classname="org.utility.CGI_testcase" name="TC_09" time="0.002"/>
  <system-out/>
  <testcase classname="org.utility.CGI_testcase" name="TC_10" time="0.002"/>
  <system-out/>
  <testcase classname="org.utility.CGI_testcase" name="TC_11" time="0.002"/>
  <system-out/>
  <testcase classname="org.utility.CGI_testcase" name="TC_12" time="0.002"/>
  <system-out/>
  <testcase classname="org.utility.CGI_testcase" name="TC_13" time="0.002"/>
  <system-out/>
  <testcase classname="org.utility.CGI_testcase" name="TC_14" time="0.002"/>
  <system-out/>
  <testcase classname="org.utility.CGI_testcase" name="TC_15" time="0.002"/>
  <system-out/>
  <testcase classname="org.utility.CGI_testcase" name="TC_16" time="0.002"/>
  <system-out/>
  <testcase classname="org.utility.CGI_testcase" name="TC_17" time="0.002"/>
  <system-out/>
  <testcase classname="org.utility.CGI_testcase" name="TC_18" time="0.002"/>
  <system-out/>
  <testcase classname="org.utility.CGI_testcase" name="TC_19" time="0.001"/>
  <system-out/>
  <testcase classname="org.utility.CGI_testcase" name="TC_20" time="0.002"/>
  <system-out/>
  <testcase classname="org.utility.CGI_testcase" name="TC_21" time="0.001"/>
  <system-out/>
  <testcase classname="org.utility.CGI_testcase" name="TC_22" time="0.001"/>
  <system-out/>
</testsuite> <!-- org.utility.CGI_testcase -->
