<?xml version="1.0" encoding="UTF-8"?>
<!-- Generated by org.testng.reporters.JUnitReportReporter -->
<testsuite hostname="SSSLT022" failures="0" tests="25" name="org.test.InstallerSetup" time="873.058" errors="0" timestamp="2023-03-23T13:20:56 IST" skipped="0">
  <testcase classname="org.test.InstallerSetup" name="TC04" time="37.326"/>
  <system-out/>
  <testcase classname="org.test.InstallerSetup" name="TC14" time="33.990"/>
  <system-out/>
  <testcase classname="org.test.InstallerSetup" name="TC12" time="36.019"/>
  <system-out/>
  <testcase classname="org.test.InstallerSetup" name="TC03" time="36.955"/>
  <system-out/>
  <testcase classname="org.test.InstallerSetup" name="TC01" time="35.070"/>
  <system-out/>
  <testcase classname="org.test.InstallerSetup" name="TC10" time="36.897"/>
  <system-out/>
  <testcase classname="org.test.InstallerSetup" name="TC21" time="33.368"/>
  <system-out/>
  <testcase classname="org.test.InstallerSetup" name="TC02" time="35.441"/>
  <system-out/>
  <testcase classname="org.test.InstallerSetup" name="TC22" time="38.138"/>
  <system-out/>
  <testcase classname="org.test.InstallerSetup" name="TC07" time="37.990"/>
  <system-out/>
  <testcase classname="org.test.InstallerSetup" name="TC18" time="32.276"/>
  <system-out/>
  <testcase classname="org.test.InstallerSetup" name="TC06" time="35.111"/>
  <system-out/>
  <testcase classname="org.test.InstallerSetup" name="TC17" time="32.301"/>
  <system-out/>
  <testcase classname="org.test.InstallerSetup" name="TC05" time="37.697"/>
  <system-out/>
  <testcase classname="org.test.InstallerSetup" name="TC08" time="36.146"/>
  <system-out/>
  <testcase classname="org.test.InstallerSetup" name="TC25" time="34.376"/>
  <system-out/>
  <testcase classname="org.test.InstallerSetup" name="TC19" time="29.201"/>
  <system-out/>
  <testcase classname="org.test.InstallerSetup" name="TC13" time="36.985"/>
  <system-out/>
  <testcase classname="org.test.InstallerSetup" name="TC15" time="32.309"/>
  <system-out/>
  <testcase classname="org.test.InstallerSetup" name="TC24" time="33.386"/>
  <system-out/>
  <testcase classname="org.test.InstallerSetup" name="TC09" time="36.901"/>
  <system-out/>
  <testcase classname="org.test.InstallerSetup" name="TC23" time="34.113"/>
  <system-out/>
  <testcase classname="org.test.InstallerSetup" name="TC11" time="35.029"/>
  <system-out/>
  <testcase classname="org.test.InstallerSetup" name="TC16" time="36.415"/>
  <system-out/>
  <testcase classname="org.test.InstallerSetup" name="TC20" time="29.618"/>
  <system-out/>
</testsuite> <!-- org.test.InstallerSetup -->
